Using pre-set license
Built from '2020.3/staging' branch; Version is '2020.3.3f1 (76626098c1c4) revision 7758432'; Using compiler version '192528614'; Build Type 'Release'
OS: 'Windows 10 Home; OS build 19043.1165; Version 2009; 64bit' Language: 'sv' Physical Memory: 16343 MB
BatchMode: 1, IsHumanControllingUs: 0, StartBugReporterOnCrash: 0, Is64bit: 1, IsPro: 0

 COMMAND LINE ARGUMENTS:
C:\Program Files\Unity\Hub\Editor\2020.3.3f1\Editor\Unity.exe
-adb2
-batchMode
-noUpm
-name
AssetImportWorker0
-projectPath
D:/skola/Hackathon
-logFile
Logs/AssetImportWorker0.log
-srvPort
53834
Successfully changed project path to: D:/skola/Hackathon
D:/skola/Hackathon
Using Asset Import Pipeline V2.
Refreshing native plugins compatible for Editor in 35.96 ms, found 1 plugins.
Preloading 0 native plugins for Editor in 0.00 ms.
Initialize engine version: 2020.3.3f1 (76626098c1c4)
[Subsystems] Discovering subsystems at path C:/Program Files/Unity/Hub/Editor/2020.3.3f1/Editor/Data/Resources/UnitySubsystems
[Subsystems] Discovering subsystems at path D:/skola/Hackathon/Assets
GfxDevice: creating device client; threaded=0
Direct3D:
    Version:  Direct3D 11.0 [level 11.1]
    Renderer: NVIDIA GeForce GTX 1080 (ID=0x1b80)
    Vendor:   
    VRAM:     8079 MB
    Driver:   27.21.14.5671
Initialize mono
Mono path[0] = 'C:/Program Files/Unity/Hub/Editor/2020.3.3f1/Editor/Data/Managed'
Mono path[1] = 'C:/Program Files/Unity/Hub/Editor/2020.3.3f1/Editor/Data/MonoBleedingEdge/lib/mono/unityjit'
Mono config path = 'C:/Program Files/Unity/Hub/Editor/2020.3.3f1/Editor/Data/MonoBleedingEdge/etc'
Using monoOptions --debugger-agent=transport=dt_socket,embedding=1,server=y,suspend=n,address=127.0.0.1:56268
Begin MonoManager ReloadAssembly
Registering precompiled unity dll's ...
Register platform support module: C:/Program Files/Unity/Hub/Editor/2020.3.3f1/Editor/Data/PlaybackEngines/WebGLSupport/UnityEditor.WebGL.Extensions.dll
Register platform support module: C:/Program Files/Unity/Hub/Editor/2020.3.3f1/Editor/Data/PlaybackEngines/WindowsStandaloneSupport/UnityEditor.WindowsStandalone.Extensions.dll
Registered in 0.002416 seconds.
Native extension for WindowsStandalone target not found
Native extension for WebGL target not found
Refreshing native plugins compatible for Editor in 35.51 ms, found 1 plugins.
Preloading 0 native plugins for Editor in 0.00 ms.
Invoked RoslynAnalysisRunner static constructor.
RoslynAnalysisRunner will not be running.
RoslynAnalysisRunner has terminated.
Mono: successfully reloaded assembly
- Completed reload, in  1.973 seconds
Platform modules already initialized, skipping
Registering precompiled user dll's ...
Registered in 0.000877 seconds.
Begin MonoManager ReloadAssembly
Native extension for WindowsStandalone target not found
Native extension for WebGL target not found
Refreshing native plugins compatible for Editor in 33.58 ms, found 1 plugins.
Preloading 0 native plugins for Editor in 0.00 ms.
Invoked RoslynAnalysisRunner static constructor.
RoslynAnalysisRunner will not be running.
RoslynAnalysisRunner has terminated.
Mono: successfully reloaded assembly
- Completed reload, in  0.883 seconds
Platform modules already initialized, skipping
========================================================================
Worker process is ready to serve import requests
Launched and connected shader compiler UnityShaderCompiler.exe after 0.04 seconds
Refreshing native plugins compatible for Editor in 0.34 ms, found 1 plugins.
Preloading 0 native plugins for Editor in 0.00 ms.
Unloading 1821 Unused Serialized files (Serialized files now loaded: 0)
System memory in use before: 86.9 MB.
System memory in use after: 86.8 MB.

Unloading 24 unused Assets to reduce memory usage. Loaded Objects now: 2263.
Total: 2.486400 ms (FindLiveObjects: 0.177400 ms CreateObjectMapping: 0.051900 ms MarkObjects: 2.121600 ms  DeleteObjects: 0.134100 ms)

========================================================================
Received Import Request.
  path: Assets/Scenes
  artifactKey: Guid(4a436e2620665b9408feced92d444261) Importer(815301076,1909f56bfc062723c751e8b465ee728b)
Start importing Assets/Scenes using Guid(4a436e2620665b9408feced92d444261) Importer(815301076,1909f56bfc062723c751e8b465ee728b)  -> (artifact id: '3f341e086695ea390aff51d99ec6b91b') in 0.011647 seconds
  Import took 0.039462 seconds .

========================================================================
Received Import Request.
  Time since last request: 6.012375 seconds.
  path: Assets/Scenes
  artifactKey: Guid(4a436e2620665b9408feced92d444261) Importer(815301076,1909f56bfc062723c751e8b465ee728b)
Start importing Assets/Scenes using Guid(4a436e2620665b9408feced92d444261) Importer(815301076,1909f56bfc062723c751e8b465ee728b)  -> (artifact id: '3f341e086695ea390aff51d99ec6b91b') in 0.004098 seconds
  Import took 0.008349 seconds .

========================================================================
Received Import Request.
  Time since last request: 10.130673 seconds.
  path: Assets/Scenes/newScene.unity
  artifactKey: Guid(123dd6c70c8f64449a30b38eff6e8251) Importer(815301076,1909f56bfc062723c751e8b465ee728b)
Start importing Assets/Scenes/newScene.unity using Guid(123dd6c70c8f64449a30b38eff6e8251) Importer(815301076,1909f56bfc062723c751e8b465ee728b)  -> (artifact id: 'f66e9985c2655cef9ced811eb8a20871') in 0.010301 seconds
  Import took 0.021911 seconds .

========================================================================
Received Import Request.
  Time since last request: 2.297055 seconds.
  path: Assets/Scenes/SampleScene.unity
  artifactKey: Guid(2cda990e2423bbf4892e6590ba056729) Importer(815301076,1909f56bfc062723c751e8b465ee728b)
Start importing Assets/Scenes/SampleScene.unity using Guid(2cda990e2423bbf4892e6590ba056729) Importer(815301076,1909f56bfc062723c751e8b465ee728b)  -> (artifact id: 'd2c52cf90822f393994ba009f509ea98') in 0.006109 seconds
  Import took 0.028600 seconds .

========================================================================
Received Import Request.
  Time since last request: 12.685767 seconds.
  path: Assets/Scenes/SampleScene.unity
  artifactKey: Guid(2cda990e2423bbf4892e6590ba056729) Importer(815301076,1909f56bfc062723c751e8b465ee728b)
Start importing Assets/Scenes/SampleScene.unity using Guid(2cda990e2423bbf4892e6590ba056729) Importer(815301076,1909f56bfc062723c751e8b465ee728b)  -> (artifact id: 'e3a39e4d168b2c9f38466209b2a78408') in 0.006104 seconds
  Import took 0.008648 seconds .

========================================================================
Received Import Request.
  Time since last request: 16.322063 seconds.
  path: Assets/Scenes/newScene.unity
  artifactKey: Guid(123dd6c70c8f64449a30b38eff6e8251) Importer(815301076,1909f56bfc062723c751e8b465ee728b)
Start importing Assets/Scenes/newScene.unity using Guid(123dd6c70c8f64449a30b38eff6e8251) Importer(815301076,1909f56bfc062723c751e8b465ee728b)  -> (artifact id: 'bd4050635893aee1241d22994422e1ac') in 0.002570 seconds
  Import took 0.005965 seconds .

========================================================================
Received Import Request.
  Time since last request: 13.596514 seconds.
  path: Assets/Scenes/Page2.unity
  artifactKey: Guid(123dd6c70c8f64449a30b38eff6e8251) Importer(815301076,1909f56bfc062723c751e8b465ee728b)
Start importing Assets/Scenes/Page2.unity using Guid(123dd6c70c8f64449a30b38eff6e8251) Importer(815301076,1909f56bfc062723c751e8b465ee728b)  -> (artifact id: 'f459fdf733dc665a952781cb020d228a') in 0.006543 seconds
  Import took 0.009559 seconds .

========================================================================
Received Import Request.
  Time since last request: 6.111148 seconds.
  path: Assets/Scenes/Page 1.unity
  artifactKey: Guid(2cda990e2423bbf4892e6590ba056729) Importer(815301076,1909f56bfc062723c751e8b465ee728b)
Start importing Assets/Scenes/Page 1.unity using Guid(2cda990e2423bbf4892e6590ba056729) Importer(815301076,1909f56bfc062723c751e8b465ee728b)  -> (artifact id: 'ba293fb7a1c7a6e1c42baeaed02bb503') in 0.006102 seconds
  Import took 0.008816 seconds .

========================================================================
Received Import Request.
  Time since last request: 147.035241 seconds.
  path: Assets/Scripts/LevelManager.cs
  artifactKey: Guid(3ebea8b71b5705349a45460ed18ba959) Importer(815301076,1909f56bfc062723c751e8b465ee728b)
Start importing Assets/Scripts/LevelManager.cs using Guid(3ebea8b71b5705349a45460ed18ba959) Importer(815301076,1909f56bfc062723c751e8b465ee728b)  -> (artifact id: 'e87cd575759871a24089ed25510e9bfa') in 0.037699 seconds
  Import took 0.042151 seconds .

========================================================================
Received Prepare
Registering precompiled user dll's ...
Registered in 0.001548 seconds.
Begin MonoManager ReloadAssembly
Native extension for WindowsStandalone target not found
Native extension for WebGL target not found
Refreshing native plugins compatible for Editor in 0.32 ms, found 1 plugins.
Preloading 0 native plugins for Editor in 0.00 ms.
Invoked RoslynAnalysisRunner static constructor.
RoslynAnalysisRunner will not be running.
RoslynAnalysisRunner has terminated.
Mono: successfully reloaded assembly
- Completed reload, in  1.324 seconds
Platform modules already initialized, skipping
Refreshing native plugins compatible for Editor in 0.60 ms, found 1 plugins.
Preloading 0 native plugins for Editor in 0.00 ms.
Unloading 1804 Unused Serialized files (Serialized files now loaded: 0)
System memory in use before: 85.6 MB.
System memory in use after: 85.6 MB.

Unloading 12 unused Assets to reduce memory usage. Loaded Objects now: 2268.
Total: 2.071400 ms (FindLiveObjects: 0.170200 ms CreateObjectMapping: 0.060800 ms MarkObjects: 1.648300 ms  DeleteObjects: 0.190500 ms)

========================================================================
Received Prepare
Registering precompiled user dll's ...
Registered in 0.000923 seconds.
Begin MonoManager ReloadAssembly
Native extension for WindowsStandalone target not found
Native extension for WebGL target not found
Refreshing native plugins compatible for Editor in 0.46 ms, found 1 plugins.
Preloading 0 native plugins for Editor in 0.00 ms.
Invoked RoslynAnalysisRunner static constructor.
RoslynAnalysisRunner will not be running.
RoslynAnalysisRunner has terminated.
Mono: successfully reloaded assembly
- Completed reload, in  1.067 seconds
Platform modules already initialized, skipping
Refreshing native plugins compatible for Editor in 0.31 ms, found 1 plugins.
Preloading 0 native plugins for Editor in 0.00 ms.
Unloading 1804 Unused Serialized files (Serialized files now loaded: 0)
System memory in use before: 85.6 MB.
System memory in use after: 85.6 MB.

Unloading 12 unused Assets to reduce memory usage. Loaded Objects now: 2272.
Total: 2.159000 ms (FindLiveObjects: 0.271000 ms CreateObjectMapping: 0.076900 ms MarkObjects: 1.704500 ms  DeleteObjects: 0.105300 ms)

========================================================================
Received Import Request.
  Time since last request: 19.694849 seconds.
  path: Assets/Scripts/LevelManager.cs
  artifactKey: Guid(3ebea8b71b5705349a45460ed18ba959) Importer(815301076,1909f56bfc062723c751e8b465ee728b)
Start importing Assets/Scripts/LevelManager.cs using Guid(3ebea8b71b5705349a45460ed18ba959) Importer(815301076,1909f56bfc062723c751e8b465ee728b)  -> (artifact id: '9d7e93b896a6472e2c7c44214ea1d012') in 0.004572 seconds
  Import took 0.024187 seconds .

========================================================================
Received Import Request.
  Time since last request: 98.935035 seconds.
  path: Assets/Scenes/Page 1.unity
  artifactKey: Guid(2cda990e2423bbf4892e6590ba056729) Importer(815301076,1909f56bfc062723c751e8b465ee728b)
Start importing Assets/Scenes/Page 1.unity using Guid(2cda990e2423bbf4892e6590ba056729) Importer(815301076,1909f56bfc062723c751e8b465ee728b)  -> (artifact id: 'd64f5deaa2ded5ec64cf6b412960ee72') in 0.011712 seconds
  Import took 0.029405 seconds .

========================================================================
Received Import Request.
  Time since last request: 7.251089 seconds.
  path: Assets/Scenes/Page2.unity
  artifactKey: Guid(123dd6c70c8f64449a30b38eff6e8251) Importer(815301076,1909f56bfc062723c751e8b465ee728b)
Start importing Assets/Scenes/Page2.unity using Guid(123dd6c70c8f64449a30b38eff6e8251) Importer(815301076,1909f56bfc062723c751e8b465ee728b)  -> (artifact id: 'd4b87877c9aba07a5413ca0e6176208c') in 0.008172 seconds
  Import took 0.015715 seconds .

========================================================================
Received Import Request.
  Time since last request: 37.281882 seconds.
  path: Assets/Scripts/BtnChangeLevel.cs
  artifactKey: Guid(e2e6e0915f501af44accfa40622f8639) Importer(815301076,1909f56bfc062723c751e8b465ee728b)
Start importing Assets/Scripts/BtnChangeLevel.cs using Guid(e2e6e0915f501af44accfa40622f8639) Importer(815301076,1909f56bfc062723c751e8b465ee728b)  -> (artifact id: '2dd560c5c731f58d4ee1dcf96abf199b') in 0.011062 seconds
  Import took 0.015015 seconds .

========================================================================
Received Prepare
Registering precompiled user dll's ...
Registered in 0.000998 seconds.
Begin MonoManager ReloadAssembly
Native extension for WindowsStandalone target not found
Native extension for WebGL target not found
Refreshing native plugins compatible for Editor in 0.30 ms, found 1 plugins.
Preloading 0 native plugins for Editor in 0.00 ms.
Invoked RoslynAnalysisRunner static constructor.
RoslynAnalysisRunner will not be running.
RoslynAnalysisRunner has terminated.
Mono: successfully reloaded assembly
- Completed reload, in  0.926 seconds
Platform modules already initialized, skipping
Refreshing native plugins compatible for Editor in 0.34 ms, found 1 plugins.
Preloading 0 native plugins for Editor in 0.00 ms.
Unloading 1805 Unused Serialized files (Serialized files now loaded: 0)
System memory in use before: 85.7 MB.
System memory in use after: 85.7 MB.

Unloading 12 unused Assets to reduce memory usage. Loaded Objects now: 2277.
Total: 1.884400 ms (FindLiveObjects: 0.186700 ms CreateObjectMapping: 0.062700 ms MarkObjects: 1.521600 ms  DeleteObjects: 0.112000 ms)

========================================================================
Received Prepare
Registering precompiled user dll's ...
Registered in 0.000962 seconds.
Begin MonoManager ReloadAssembly
Native extension for WindowsStandalone target not found
Native extension for WebGL target not found
Refreshing native plugins compatible for Editor in 0.32 ms, found 1 plugins.
Preloading 0 native plugins for Editor in 0.00 ms.
Invoked RoslynAnalysisRunner static constructor.
RoslynAnalysisRunner will not be running.
RoslynAnalysisRunner has terminated.
Mono: successfully reloaded assembly
- Completed reload, in  0.909 seconds
Platform modules already initialized, skipping
Refreshing native plugins compatible for Editor in 0.38 ms, found 1 plugins.
Preloading 0 native plugins for Editor in 0.00 ms.
Unloading 1805 Unused Serialized files (Serialized files now loaded: 0)
System memory in use before: 85.7 MB.
System memory in use after: 85.7 MB.

Unloading 12 unused Assets to reduce memory usage. Loaded Objects now: 2281.
Total: 1.851300 ms (FindLiveObjects: 0.187500 ms CreateObjectMapping: 0.073300 ms MarkObjects: 1.479600 ms  DeleteObjects: 0.109700 ms)

========================================================================
Received Import Request.
  Time since last request: 298.225896 seconds.
  path: Assets/Scripts/BtnChangeLevel.cs
  artifactKey: Guid(e2e6e0915f501af44accfa40622f8639) Importer(815301076,1909f56bfc062723c751e8b465ee728b)
Start importing Assets/Scripts/BtnChangeLevel.cs using Guid(e2e6e0915f501af44accfa40622f8639) Importer(815301076,1909f56bfc062723c751e8b465ee728b)  -> (artifact id: '4cb91b9be98aa566b77afdbfd90a57bd') in 0.007704 seconds
  Import took 0.031093 seconds .

========================================================================
Received Prepare
Registering precompiled user dll's ...
Registered in 0.000873 seconds.
Begin MonoManager ReloadAssembly
Native extension for WindowsStandalone target not found
Native extension for WebGL target not found
Refreshing native plugins compatible for Editor in 0.46 ms, found 1 plugins.
Preloading 0 native plugins for Editor in 0.00 ms.
Invoked RoslynAnalysisRunner static constructor.
RoslynAnalysisRunner will not be running.
RoslynAnalysisRunner has terminated.
Mono: successfully reloaded assembly
- Completed reload, in  0.887 seconds
Platform modules already initialized, skipping
Refreshing native plugins compatible for Editor in 0.30 ms, found 1 plugins.
Preloading 0 native plugins for Editor in 0.00 ms.
Unloading 1805 Unused Serialized files (Serialized files now loaded: 0)
System memory in use before: 85.7 MB.
System memory in use after: 85.7 MB.

Unloading 12 unused Assets to reduce memory usage. Loaded Objects now: 2285.
Total: 1.936100 ms (FindLiveObjects: 0.177700 ms CreateObjectMapping: 0.063300 ms MarkObjects: 1.579800 ms  DeleteObjects: 0.114300 ms)

========================================================================
Received Prepare
Registering precompiled user dll's ...
Registered in 0.000886 seconds.
Begin MonoManager ReloadAssembly
Native extension for WindowsStandalone target not found
Native extension for WebGL target not found
Refreshing native plugins compatible for Editor in 0.33 ms, found 1 plugins.
Preloading 0 native plugins for Editor in 0.00 ms.
Invoked RoslynAnalysisRunner static constructor.
RoslynAnalysisRunner will not be running.
RoslynAnalysisRunner has terminated.
Mono: successfully reloaded assembly
- Completed reload, in  0.810 seconds
Platform modules already initialized, skipping
Refreshing native plugins compatible for Editor in 0.34 ms, found 1 plugins.
Preloading 0 native plugins for Editor in 0.00 ms.
Unloading 1805 Unused Serialized files (Serialized files now loaded: 0)
System memory in use before: 85.7 MB.
System memory in use after: 85.7 MB.

Unloading 12 unused Assets to reduce memory usage. Loaded Objects now: 2289.
Total: 2.179300 ms (FindLiveObjects: 0.286600 ms CreateObjectMapping: 0.096400 ms MarkObjects: 1.685500 ms  DeleteObjects: 0.109800 ms)

========================================================================
Received Prepare
Registering precompiled user dll's ...
Registered in 0.000896 seconds.
Begin MonoManager ReloadAssembly
Native extension for WindowsStandalone target not found
Native extension for WebGL target not found
Refreshing native plugins compatible for Editor in 0.32 ms, found 1 plugins.
Preloading 0 native plugins for Editor in 0.00 ms.
Invoked RoslynAnalysisRunner static constructor.
RoslynAnalysisRunner will not be running.
RoslynAnalysisRunner has terminated.
Mono: successfully reloaded assembly
- Completed reload, in  0.860 seconds
Platform modules already initialized, skipping
Refreshing native plugins compatible for Editor in 0.30 ms, found 1 plugins.
Preloading 0 native plugins for Editor in 0.00 ms.
Unloading 1805 Unused Serialized files (Serialized files now loaded: 0)
System memory in use before: 85.7 MB.
System memory in use after: 85.7 MB.

Unloading 12 unused Assets to reduce memory usage. Loaded Objects now: 2293.
Total: 2.020600 ms (FindLiveObjects: 0.319000 ms CreateObjectMapping: 0.072300 ms MarkObjects: 1.527100 ms  DeleteObjects: 0.101100 ms)

========================================================================
Received Prepare
Registering precompiled user dll's ...
Registered in 0.000888 seconds.
Begin MonoManager ReloadAssembly
Native extension for WindowsStandalone target not found
Native extension for WebGL target not found
Refreshing native plugins compatible for Editor in 0.30 ms, found 1 plugins.
Preloading 0 native plugins for Editor in 0.00 ms.
Invoked RoslynAnalysisRunner static constructor.
RoslynAnalysisRunner will not be running.
RoslynAnalysisRunner has terminated.
Mono: successfully reloaded assembly
- Completed reload, in  0.836 seconds
Platform modules already initialized, skipping
Refreshing native plugins compatible for Editor in 0.31 ms, found 1 plugins.
Preloading 0 native plugins for Editor in 0.00 ms.
Unloading 1805 Unused Serialized files (Serialized files now loaded: 0)
System memory in use before: 85.7 MB.
System memory in use after: 85.7 MB.

Unloading 12 unused Assets to reduce memory usage. Loaded Objects now: 2297.
Total: 2.165000 ms (FindLiveObjects: 0.180200 ms CreateObjectMapping: 0.087900 ms MarkObjects: 1.731900 ms  DeleteObjects: 0.163600 ms)

========================================================================
Received Prepare
Registering precompiled user dll's ...
Registered in 0.000908 seconds.
Begin MonoManager ReloadAssembly
Native extension for WindowsStandalone target not found
Native extension for WebGL target not found
Refreshing native plugins compatible for Editor in 0.31 ms, found 1 plugins.
Preloading 0 native plugins for Editor in 0.00 ms.
Invoked RoslynAnalysisRunner static constructor.
RoslynAnalysisRunner will not be running.
RoslynAnalysisRunner has terminated.
Mono: successfully reloaded assembly
- Completed reload, in  0.867 seconds
Platform modules already initialized, skipping
Refreshing native plugins compatible for Editor in 0.43 ms, found 1 plugins.
Preloading 0 native plugins for Editor in 0.00 ms.
Unloading 1805 Unused Serialized files (Serialized files now loaded: 0)
System memory in use before: 85.8 MB.
System memory in use after: 85.7 MB.

Unloading 12 unused Assets to reduce memory usage. Loaded Objects now: 2301.
Total: 3.048300 ms (FindLiveObjects: 0.341700 ms CreateObjectMapping: 0.087200 ms MarkObjects: 2.445000 ms  DeleteObjects: 0.172800 ms)

========================================================================
Received Import Request.
  Time since last request: 13008.366460 seconds.
  path: Assets/Assets/Img
  artifactKey: Guid(d61f76289ebb6e24e8d093b32c39dc78) Importer(815301076,1909f56bfc062723c751e8b465ee728b)
Start importing Assets/Assets/Img using Guid(d61f76289ebb6e24e8d093b32c39dc78) Importer(815301076,1909f56bfc062723c751e8b465ee728b)  -> (artifact id: '0ff7c2db4e96ce4d15bc00da4e945bff') in 0.010652 seconds
  Import took 0.039263 seconds .

========================================================================
Received Import Request.
  Time since last request: 36.868043 seconds.
  path: Assets/Assets/Img/building_1_placeholder.png
  artifactKey: Guid(78210b168c89ec242b7d2b6630839954) Importer(815301076,1909f56bfc062723c751e8b465ee728b)
Start importing Assets/Assets/Img/building_1_placeholder.png using Guid(78210b168c89ec242b7d2b6630839954) Importer(815301076,1909f56bfc062723c751e8b465ee728b)  -> (artifact id: '4266d5f074cd034de64abbcfc686604d') in 0.125076 seconds
  Import took 0.136789 seconds .

========================================================================
Received Import Request.
  Time since last request: 3.464109 seconds.
  path: Assets/Assets/Img/building_2_placeholder.png
  artifactKey: Guid(d154d08299d4e3b428ee23521f6f1638) Importer(815301076,1909f56bfc062723c751e8b465ee728b)
Start importing Assets/Assets/Img/building_2_placeholder.png using Guid(d154d08299d4e3b428ee23521f6f1638) Importer(815301076,1909f56bfc062723c751e8b465ee728b)  -> (artifact id: '9e0b9add5d5b466b94a20e63e7277cc0') in 0.017560 seconds
  Import took 0.022874 seconds .

========================================================================
Received Import Request.
  Time since last request: 0.001393 seconds.
  path: Assets/Assets/Img/building_2_placeholder.png
  artifactKey: Guid(d154d08299d4e3b428ee23521f6f1638) Importer(815301076,1909f56bfc062723c751e8b465ee728b)
Start importing Assets/Assets/Img/building_2_placeholder.png using Guid(d154d08299d4e3b428ee23521f6f1638) Importer(815301076,1909f56bfc062723c751e8b465ee728b)  -> (artifact id: '9e0b9add5d5b466b94a20e63e7277cc0') in 0.014610 seconds
  Import took 0.017722 seconds .

========================================================================
Received Prepare
Registering precompiled user dll's ...
Registered in 0.000898 seconds.
Begin MonoManager ReloadAssembly
Native extension for WindowsStandalone target not found
Native extension for WebGL target not found
Refreshing native plugins compatible for Editor in 0.32 ms, found 1 plugins.
Preloading 0 native plugins for Editor in 0.00 ms.
Invoked RoslynAnalysisRunner static constructor.
RoslynAnalysisRunner will not be running.
RoslynAnalysisRunner has terminated.
Mono: successfully reloaded assembly
- Completed reload, in  0.801 seconds
Platform modules already initialized, skipping
Refreshing native plugins compatible for Editor in 0.29 ms, found 1 plugins.
Preloading 0 native plugins for Editor in 0.00 ms.
Unloading 1805 Unused Serialized files (Serialized files now loaded: 0)
System memory in use before: 88.8 MB.
System memory in use after: 88.8 MB.

Unloading 12 unused Assets to reduce memory usage. Loaded Objects now: 2313.
Total: 2.095400 ms (FindLiveObjects: 0.168400 ms CreateObjectMapping: 0.061700 ms MarkObjects: 1.771100 ms  DeleteObjects: 0.093000 ms)

========================================================================
Received Import Request.
  Time since last request: 478.159221 seconds.
  path: Assets/Scenes/Page2.unity
  artifactKey: Guid(123dd6c70c8f64449a30b38eff6e8251) Importer(815301076,1909f56bfc062723c751e8b465ee728b)
Start importing Assets/Scenes/Page2.unity using Guid(123dd6c70c8f64449a30b38eff6e8251) Importer(815301076,1909f56bfc062723c751e8b465ee728b)  -> (artifact id: '7870de60c4a63dd8cedee736a5f645ca') in 0.017023 seconds
  Import took 0.020799 seconds .

========================================================================
Received Import Request.
  Time since last request: 24.832303 seconds.
  path: Assets/Scenes/Page 1.unity
  artifactKey: Guid(2cda990e2423bbf4892e6590ba056729) Importer(815301076,1909f56bfc062723c751e8b465ee728b)
Start importing Assets/Scenes/Page 1.unity using Guid(2cda990e2423bbf4892e6590ba056729) Importer(815301076,1909f56bfc062723c751e8b465ee728b)  -> (artifact id: 'd341b57a429b84ce6aee30fcd87f236c') in 0.003856 seconds
  Import took 0.023269 seconds .

========================================================================
Received Prepare
Registering precompiled user dll's ...
Registered in 0.001147 seconds.
Begin MonoManager ReloadAssembly
Native extension for WindowsStandalone target not found
Native extension for WebGL target not found
Refreshing native plugins compatible for Editor in 0.34 ms, found 1 plugins.
Preloading 0 native plugins for Editor in 0.00 ms.
Invoked RoslynAnalysisRunner static constructor.
RoslynAnalysisRunner will not be running.
RoslynAnalysisRunner has terminated.
Mono: successfully reloaded assembly
- Completed reload, in  0.842 seconds
Platform modules already initialized, skipping
Refreshing native plugins compatible for Editor in 0.29 ms, found 1 plugins.
Preloading 0 native plugins for Editor in 0.00 ms.
Unloading 1805 Unused Serialized files (Serialized files now loaded: 0)
System memory in use before: 88.9 MB.
System memory in use after: 88.8 MB.

Unloading 12 unused Assets to reduce memory usage. Loaded Objects now: 2317.
Total: 2.007200 ms (FindLiveObjects: 0.190800 ms CreateObjectMapping: 0.055200 ms MarkObjects: 1.662000 ms  DeleteObjects: 0.098000 ms)

========================================================================
Received Import Request.
  Time since last request: 13.348447 seconds.
  path: Assets/Scenes/Page2.unity
  artifactKey: Guid(123dd6c70c8f64449a30b38eff6e8251) Importer(815301076,1909f56bfc062723c751e8b465ee728b)
Start importing Assets/Scenes/Page2.unity using Guid(123dd6c70c8f64449a30b38eff6e8251) Importer(815301076,1909f56bfc062723c751e8b465ee728b)  -> (artifact id: '019c5dc93560fc183e5e86b57d67da23') in 0.012520 seconds
  Import took 0.015594 seconds .

========================================================================
Received Import Request.
  Time since last request: 70.995711 seconds.
  path: Assets/Scenes/Page 1.unity
  artifactKey: Guid(2cda990e2423bbf4892e6590ba056729) Importer(815301076,1909f56bfc062723c751e8b465ee728b)
Start importing Assets/Scenes/Page 1.unity using Guid(2cda990e2423bbf4892e6590ba056729) Importer(815301076,1909f56bfc062723c751e8b465ee728b)  -> (artifact id: '9785b726cb7cfa833dcf80d717f505e9') in 0.003189 seconds
  Import took 0.019986 seconds .

========================================================================
Received Import Request.
  Time since last request: 1.764264 seconds.
  path: Assets/Scenes/Page2.unity
  artifactKey: Guid(123dd6c70c8f64449a30b38eff6e8251) Importer(815301076,1909f56bfc062723c751e8b465ee728b)
Start importing Assets/Scenes/Page2.unity using Guid(123dd6c70c8f64449a30b38eff6e8251) Importer(815301076,1909f56bfc062723c751e8b465ee728b)  -> (artifact id: '96bddb839566dcda5d414625dd4fad02') in 0.003432 seconds
  Import took 0.006260 seconds .

========================================================================
Received Prepare
Registering precompiled user dll's ...
Registered in 0.000973 seconds.
Begin MonoManager ReloadAssembly
Native extension for WindowsStandalone target not found
Native extension for WebGL target not found
Refreshing native plugins compatible for Editor in 0.36 ms, found 1 plugins.
Preloading 0 native plugins for Editor in 0.00 ms.
Invoked RoslynAnalysisRunner static constructor.
RoslynAnalysisRunner will not be running.
RoslynAnalysisRunner has terminated.
Mono: successfully reloaded assembly
- Completed reload, in  0.785 seconds
Platform modules already initialized, skipping
Refreshing native plugins compatible for Editor in 0.38 ms, found 1 plugins.
Preloading 0 native plugins for Editor in 0.00 ms.
Unloading 1805 Unused Serialized files (Serialized files now loaded: 0)
System memory in use before: 88.9 MB.
System memory in use after: 88.9 MB.

Unloading 12 unused Assets to reduce memory usage. Loaded Objects now: 2321.
Total: 1.918700 ms (FindLiveObjects: 0.171100 ms CreateObjectMapping: 0.055300 ms MarkObjects: 1.587600 ms  DeleteObjects: 0.103400 ms)

AssetImportWorkerClient::OnTransportError - code=2 error=End of file
